<?xml version="1.0" encoding="UTF-8"?>
<testng-results ignored="0" total="1" passed="1" failed="0" skipped="0">
  <reporter-output>
  </reporter-output>
  <suite started-at="2024-06-04T11:16:48 IST" name="Default suite" finished-at="2024-06-04T11:17:16 IST" duration-ms="27948">
    <groups>
    </groups>
    <test started-at="2024-06-04T11:16:48 IST" name="Default test" finished-at="2024-06-04T11:17:16 IST" duration-ms="27948">
      <class name="Adactin.TestCases">
        <test-method is-config="true" signature="openApp()[pri:0, instance:Adactin.TestCases@6cd24612]" started-at="2024-06-04T11:16:48 IST" name="openApp" finished-at="2024-06-04T11:17:15 IST" duration-ms="26358" status="PASS">
          <reporter-output>
          </reporter-output>
        </test-method> <!-- openApp -->
        <test-method signature="LoginTest()[pri:0, instance:Adactin.TestCases@6cd24612]" started-at="2024-06-04T11:17:15 IST" name="LoginTest" finished-at="2024-06-04T11:17:16 IST" duration-ms="1295" status="PASS">
          <reporter-output>
          </reporter-output>
        </test-method> <!-- LoginTest -->
        <test-method is-config="true" signature="closeApp()[pri:0, instance:Adactin.TestCases@6cd24612]" started-at="2024-06-04T11:17:16 IST" name="closeApp" finished-at="2024-06-04T11:17:16 IST" duration-ms="200" status="PASS">
          <reporter-output>
          </reporter-output>
        </test-method> <!-- closeApp -->
      </class> <!-- Adactin.TestCases -->
    </test> <!-- Default test -->
  </suite> <!-- Default suite -->
</testng-results>
